
> faculty-analyzer-backend@1.0.0 start
> node server.js

MongoDB connected
Server running on port 5000
Socket connected: js0Udzmtpkr9KmfnAAAB
Socket disconnected: js0Udzmtpkr9KmfnAAAB
Socket connected: 4Tatuz1vrcdYFeAEAAAD
Socket disconnected: 4Tatuz1vrcdYFeAEAAAD
Socket connected: l4Rfecpy2GnPnjntAAAF
Teacher 69d5e188451dfcfa74dc56cd joined room
Socket disconnected: l4Rfecpy2GnPnjntAAAF
Socket connected: ze4LJ2Phgrckb23fAAAH
Socket disconnected: ze4LJ2Phgrckb23fAAAH
Socket connected: CoYWEKleXKmG6MB2AAAJ
Socket disconnected: CoYWEKleXKmG6MB2AAAJ
Socket connected: EmzMhn8_orrGnC9hAAAL
Socket disconnected: EmzMhn8_orrGnC9hAAAL
Socket connected: -dbA2A4G4yp20qhPAAAN
Socket disconnected: -dbA2A4G4yp20qhPAAAN
Socket connected: IweJGcc6h-Np8oCSAAAP
Socket disconnected: IweJGcc6h-Np8oCSAAAP
Socket connected: eOlkEf-B182Ef_VaAAAR
Socket disconnected: eOlkEf-B182Ef_VaAAAR
Socket connected: os5B_N53rFuAmViTAAAT
Socket disconnected: os5B_N53rFuAmViTAAAT
Socket connected: _Zu2SjChOopoMWyGAAAV
Socket disconnected: _Zu2SjChOopoMWyGAAAV
Socket connected: MFMblwnyhwfiPPefAAAX
Socket disconnected: MFMblwnyhwfiPPefAAAX
Socket connected: MWJ_9_a-dngjRy8HAAAZ
Socket disconnected: MWJ_9_a-dngjRy8HAAAZ
Socket connected: xzuVXtTI1IBACmHEAAAb
Socket disconnected: xzuVXtTI1IBACmHEAAAb
Socket connected: -6PKib5ikJDgDwyvAAAd
Socket disconnected: -6PKib5ikJDgDwyvAAAd
Socket connected: MshApoxBxzMgP_XLAAAf
Socket disconnected: MshApoxBxzMgP_XLAAAf
Socket connected: QJ5AhxUrLHHl7GWhAAAh
Socket disconnected: QJ5AhxUrLHHl7GWhAAAh
Socket connected: M_f_XZuP_AtUiSPIAAAj
Socket disconnected: M_f_XZuP_AtUiSPIAAAj
Socket connected: gmeA1UtPcvVZ09L8AAAl
Socket disconnected: gmeA1UtPcvVZ09L8AAAl
Socket connected: cJD-hHcwalpoGmZTAAAn
Socket disconnected: cJD-hHcwalpoGmZTAAAn
Socket connected: kG_OXj5Or9hVjbhcAAAp
Socket disconnected: kG_OXj5Or9hVjbhcAAAp
Socket connected: FSL6p9mZMUrqCLnxAAAr
Socket disconnected: FSL6p9mZMUrqCLnxAAAr
Socket connected: fE1hEnPz7TpUfGRTAAAt
Socket disconnected: fE1hEnPz7TpUfGRTAAAt
Socket connected: gImZvvWvBXZmTetTAAAv
Socket disconnected: gImZvvWvBXZmTetTAAAv
Socket connected: ZkNkGy76OQqFUp99AAAx
Socket disconnected: ZkNkGy76OQqFUp99AAAx
Socket connected: jCUnpDhDCj9NjoeRAAAz
Socket disconnected: jCUnpDhDCj9NjoeRAAAz
